<?xml version="1.0" encoding="UTF-8"?>
<testsuite name="ipcidr.IP2CIDRTesting" tests="1" skipped="0" failures="0" errors="0" timestamp="2023-01-30T23:32:29" hostname="ADMIN" time="0.049">
  <properties/>
  <testcase name="testBasic()" classname="ipcidr.IP2CIDRTesting" time="0.049"/>
  <system-out><![CDATA[]]></system-out>
  <system-err><![CDATA[]]></system-err>
</testsuite>
